<?xml version="1.0" encoding="UTF-8"?>
<!-- Generated by org.testng.reporters.JUnitXMLReporter -->
<testsuite ignored="0" hostname="LAPTOP-EVD333TJ" failures="1" tests="2" name="Error Validations Test" time="13.054" errors="0" timestamp="24 Jun 2024 15:54:35 GMT">
  <testcase classname="SeleniumFrameworkDesign.Tests.ErrorValidations" name="loginErrorValidation" time="0.911"/>
  <testcase classname="SeleniumFrameworkDesign.Tests.ErrorValidations" name="productErrorValidation" time="4.407">
    <failure type="java.lang.AssertionError" message="expected [false] but found [true]">
      <![CDATA[java.lang.AssertionError: expected [false] but found [true]
	at SeleniumFrameworkDesign.Tests.ErrorValidations.productErrorValidation(ErrorValidations.java:40)
... Removed 29 stack frames]]>
    </failure>
  </testcase> <!-- productErrorValidation -->
</testsuite> <!-- Error Validations Test -->
