<?xml version="1.0" encoding="UTF-8"?>
<testng-results ignored="0" total="1" passed="0" failed="1" skipped="0">
  <reporter-output>
  </reporter-output>
  <suite started-at="2024-07-02T03:50:21Z" name="Default suite" finished-at="2024-07-02T03:50:29Z" duration-ms="8110">
    <groups>
      <group name="cucumber">
        <method signature="AbstractTestNGCucumberTests.runScenario(io.cucumber.testng.PickleWrapper, io.cucumber.testng.FeatureWrapper)[pri:0, instance:SeleniumFramework.Cucumber.TestNGTestRunner@3feb2dda]" name="runScenario" class="io.cucumber.testng.AbstractTestNGCucumberTests"/>
      </group> <!-- cucumber -->
    </groups>
    <test started-at="2024-07-02T03:50:21Z" name="Default test" finished-at="2024-07-02T03:50:29Z" duration-ms="8110">
      <class name="SeleniumFramework.Cucumber.TestNGTestRunner">
        <test-method is-config="true" signature="setUpClass(org.testng.ITestContext)[pri:0, instance:SeleniumFramework.Cucumber.TestNGTestRunner@3feb2dda]" started-at="2024-07-02T09:20:21Z" name="setUpClass" finished-at="2024-07-02T09:20:21Z" duration-ms="552" status="PASS">
          <params>
            <param index="0">
              <value>
                <![CDATA[org.testng.TestRunner@1d12e953]]>
              </value>
            </param>
          </params>
          <reporter-output>
          </reporter-output>
        </test-method> <!-- setUpClass -->
        <test-method signature="runScenario(io.cucumber.testng.PickleWrapper, io.cucumber.testng.FeatureWrapper)[pri:0, instance:SeleniumFramework.Cucumber.TestNGTestRunner@3feb2dda]" started-at="2024-07-02T09:20:21Z" name="runScenario" description="Runs Cucumber Scenarios" data-provider="scenarios" finished-at="2024-07-02T09:20:29Z" duration-ms="7507" status="FAIL">
          <params>
            <param index="0">
              <value>
                <![CDATA["Positive test of submitting the order"]]>
              </value>
            </param>
            <param index="1">
              <value>
                <![CDATA["Purchase the order from ecommerce website"]]>
              </value>
            </param>
          </params>
          <exception class="java.lang.AssertionError">
            <message>
              <![CDATA[expected [THANKYOU FOR THE ORDER.] but found [THANK YOU FOR THE ORDER]]]>
            </message>
            <full-stacktrace>
              <![CDATA[java.lang.AssertionError: expected [THANKYOU FOR THE ORDER.] but found [THANK YOU FOR THE ORDER]
	at org.testng.Assert.fail(Assert.java:94)
	at org.testng.Assert.failNotEquals(Assert.java:513)
	at org.testng.Assert.assertEqualsImpl(Assert.java:135)
	at org.testng.Assert.assertEquals(Assert.java:116)
	at org.testng.Assert.assertEquals(Assert.java:190)
	at org.testng.Assert.assertEquals(Assert.java:200)
	at SeleniumFramework.stepDefinition.StepDefinitionimpl.check_Confirmation_Message_Is_Displayed(StepDefinitionimpl.java:49)
	at âœ½."THANK YOU FOR THE ORDER" message is displayed on the Confirmation Page.(file:///C:/Users/wwwde/OneDrive/Desktop/selenium_Project_Workspace/SeleniumFrameworkDesign/src/test/java/SeleniumFramework/Cucumber/PurchaseOrder.feature:14)
]]>
            </full-stacktrace>
          </exception> <!-- java.lang.AssertionError -->
          <reporter-output>
          </reporter-output>
        </test-method> <!-- runScenario -->
        <test-method is-config="true" signature="tearDownClass()[pri:0, instance:SeleniumFramework.Cucumber.TestNGTestRunner@3feb2dda]" started-at="2024-07-02T09:20:29Z" name="tearDownClass" finished-at="2024-07-02T09:20:29Z" duration-ms="30" status="PASS">
          <reporter-output>
          </reporter-output>
        </test-method> <!-- tearDownClass -->
      </class> <!-- SeleniumFramework.Cucumber.TestNGTestRunner -->
    </test> <!-- Default test -->
  </suite> <!-- Default suite -->
</testng-results>
